<?xml version="1.0" encoding="UTF-8"?>
<!-- Generated by org.testng.reporters.JUnitReportReporter -->
<testsuite hostname="DESKTOP-629ICS7" name="com.orient.qa.testcases.HomePageTest" tests="5" failures="0" timestamp="18 Sep 2022 14:07:49 GMT" time="0.049" errors="0">
  <testcase name="Searchfunshouldworkfinewithproperdata" time="0.002" classname="com.orient.qa.testcases.HomePageTest"/>
  <testcase name="Verifyuserabletoclickonviewbutton" time="0.002" classname="com.orient.qa.testcases.HomePageTest"/>
  <testcase name="VerifyHomePageTitle" time="0.002" classname="com.orient.qa.testcases.HomePageTest"/>
  <testcase name="ValidateTextIfNoDataWithinGenteredDate" time="0.033" classname="com.orient.qa.testcases.HomePageTest"/>
  <testcase name="Searchfunshouldworkfinewithnodata" time="0.010" classname="com.orient.qa.testcases.HomePageTest"/>
</testsuite> <!-- com.orient.qa.testcases.HomePageTest -->
